TagLib: Could not open file /home/suraj/music/Kabhi_Jo_Baadal_Barse.mp3
TagLib: MPEG::Header::parse() -- MPEG header did not match MPEG synch.
TagLib: TagLib::ID3v2::Header::parse() - One of the size bytes in the id3v2 header was greater than the allowed 128.
TagLib: MPEG::Properties::read() -- Could not find an MPEG frame in the stream.
TagLib: MPEG::Header::parse() -- MPEG header did not match MPEG synch.
TagLib: MPEG::Properties::read() -- Could not find an MPEG frame in the stream.
TagLib: MPEG::Header::parse() -- MPEG header did not match MPEG synch.
TagLib: TagLib::ID3v2::Header::parse() - One of the size bytes in the id3v2 header was greater than the allowed 128.
TagLib: MPEG::Properties::read() -- Could not find an MPEG frame in the stream.
TagLib: MPEG::Header::parse() -- MPEG header did not match MPEG synch.
TagLib: TagLib::ID3v2::Header::parse() - One of the size bytes in the id3v2 header was greater than the allowed 128.
TagLib: MPEG::Properties::read() -- Could not find an MPEG frame in the stream.
TagLib: MPEG::Header::parse() -- MPEG header did not match MPEG synch.
TagLib: MPEG::Properties::read() -- Could not find an MPEG frame in the stream.
TagLib: MPEG::Header::parse() -- MPEG header did not match MPEG synch.
TagLib: MPEG::Properties::read() -- Could not find an MPEG frame in the stream.
TagLib: MPEG::Header::parse() -- MPEG header did not match MPEG synch.
TagLib: MPEG::Properties::read() -- Could not find an MPEG frame in the stream.
TagLib: MPEG::Header::parse() -- MPEG header did not match MPEG synch.
TagLib: MPEG::Properties::read() -- Could not find an MPEG frame in the stream.
TagLib: MPEG::Header::parse() -- MPEG header did not match MPEG synch.
TagLib: TagLib::ID3v2::Header::parse() - One of the size bytes in the id3v2 header was greater than the allowed 128.
TagLib: MPEG::Properties::read() -- Could not find an MPEG frame in the stream.
TagLib: MPEG::Header::parse() -- MPEG header did not match MPEG synch.
TagLib: TagLib::ID3v2::Header::parse() - One of the size bytes in the id3v2 header was greater than the allowed 128.
TagLib: MPEG::Properties::read() -- Could not find an MPEG frame in the stream.
TagLib: MPEG::Header::parse() -- MPEG header did not match MPEG synch.
TagLib: MPEG::Properties::read() -- Could not find an MPEG frame in the stream.
TagLib: MPEG::Header::parse() -- MPEG header did not match MPEG synch.
TagLib: TagLib::ID3v2::Header::parse() - One of the size bytes in the id3v2 header was greater than the allowed 128.
TagLib: MPEG::Properties::read() -- Could not find an MPEG frame in the stream.
TagLib: MPEG::Header::parse() -- MPEG header did not match MPEG synch.
TagLib: TagLib::ID3v2::Header::parse() - One of the size bytes in the id3v2 header was greater than the allowed 128.
TagLib: MPEG::Properties::read() -- Could not find an MPEG frame in the stream.
TagLib: MPEG::Header::parse() -- MPEG header did not match MPEG synch.
TagLib: TagLib::ID3v2::Header::parse() - One of the size bytes in the id3v2 header was greater than the allowed 128.
TagLib: MPEG::Properties::read() -- Could not find an MPEG frame in the stream.
TagLib: MPEG::Header::parse() -- MPEG header did not match MPEG synch.
TagLib: MPEG::Properties::read() -- Could not find an MPEG frame in the stream.
TagLib: MPEG::Header::parse() -- MPEG header did not match MPEG synch.
TagLib: MPEG::Properties::read() -- Could not find an MPEG frame in the stream.
TagLib: MPEG::Header::parse() -- MPEG header did not match MPEG synch.
TagLib: MPEG::Properties::read() -- Could not find an MPEG frame in the stream.
TagLib: MPEG::Header::parse() -- MPEG header did not match MPEG synch.
TagLib: MPEG::Properties::read() -- Could not find an MPEG frame in the stream.
TagLib: MPEG::Header::parse() -- MPEG header did not match MPEG synch.
TagLib: TagLib::ID3v2::Header::parse() - One of the size bytes in the id3v2 header was greater than the allowed 128.
TagLib: MPEG::Properties::read() -- Could not find an MPEG frame in the stream.
TagLib: MPEG::Header::parse() -- MPEG header did not match MPEG synch.
TagLib: MPEG::Properties::read() -- Could not find an MPEG frame in the stream.
TagLib: MPEG::Header::parse() -- MPEG header did not match MPEG synch.
TagLib: TagLib::ID3v2::Header::parse() - One of the size bytes in the id3v2 header was greater than the allowed 128.
TagLib: MPEG::Properties::read() -- Could not find an MPEG frame in the stream.
TagLib: MPEG::Header::parse() -- MPEG header did not match MPEG synch.
TagLib: TagLib::ID3v2::Header::parse() - One of the size bytes in the id3v2 header was greater than the allowed 128.
TagLib: MPEG::Properties::read() -- Could not find an MPEG frame in the stream.
TagLib: MPEG::Header::parse() -- MPEG header did not match MPEG synch.
TagLib: MPEG::Properties::read() -- Could not find an MPEG frame in the stream.
TagLib: MPEG::Header::parse() -- MPEG header did not match MPEG synch.
TagLib: MPEG::Properties::read() -- Could not find an MPEG frame in the stream.
TagLib: MPEG::Header::parse() -- MPEG header did not match MPEG synch.
TagLib: MPEG::Properties::read() -- Could not find an MPEG frame in the stream.
TagLib: MPEG::Header::parse() -- MPEG header did not match MPEG synch.
TagLib: MPEG::Properties::read() -- Could not find an MPEG frame in the stream.
TagLib: MPEG::Header::parse() -- MPEG header did not match MPEG synch.
TagLib: TagLib::ID3v2::Header::parse() - One of the size bytes in the id3v2 header was greater than the allowed 128.
TagLib: MPEG::Properties::read() -- Could not find an MPEG frame in the stream.
TagLib: MPEG::Header::parse() -- MPEG header did not match MPEG synch.
TagLib: TagLib::ID3v2::Header::parse() - One of the size bytes in the id3v2 header was greater than the allowed 128.
TagLib: MPEG::Properties::read() -- Could not find an MPEG frame in the stream.
TagLib: MPEG::Header::parse() -- MPEG header did not match MPEG synch.
TagLib: MPEG::Properties::read() -- Could not find an MPEG frame in the stream.
TagLib: MPEG::Header::parse() -- MPEG header did not match MPEG synch.
TagLib: TagLib::ID3v2::Header::parse() - One of the size bytes in the id3v2 header was greater than the allowed 128.
TagLib: MPEG::Properties::read() -- Could not find an MPEG frame in the stream.
TagLib: MPEG::Header::parse() -- MPEG header did not match MPEG synch.
TagLib: TagLib::ID3v2::Header::parse() - One of the size bytes in the id3v2 header was greater than the allowed 128.
TagLib: MPEG::Properties::read() -- Could not find an MPEG frame in the stream.
TagLib: MPEG::Header::parse() -- MPEG header did not match MPEG synch.
TagLib: TagLib::ID3v2::Header::parse() - One of the size bytes in the id3v2 header was greater than the allowed 128.
TagLib: MPEG::Properties::read() -- Could not find an MPEG frame in the stream.
TagLib: MPEG::Header::parse() -- MPEG header did not match MPEG synch.
TagLib: MPEG::Properties::read() -- Could not find an MPEG frame in the stream.
TagLib: MPEG::Header::parse() -- MPEG header did not match MPEG synch.
TagLib: MPEG::Properties::read() -- Could not find an MPEG frame in the stream.
TagLib: MPEG::Header::parse() -- MPEG header did not match MPEG synch.
TagLib: MPEG::Properties::read() -- Could not find an MPEG frame in the stream.
TagLib: MPEG::Header::parse() -- MPEG header did not match MPEG synch.
TagLib: MPEG::Properties::read() -- Could not find an MPEG frame in the stream.
TagLib: Could not open file /home/suraj/music/music/mp3/Mareez E Ishq.mp3
